<?xml version="1.0" encoding="UTF-8"?>
<coverage generated="1589711673241" clover="3.2.0">
  <project timestamp="1589711673241" name="All files">
    <metrics statements="10" coveredstatements="3" conditionals="0" coveredconditionals="0" methods="7" coveredmethods="2" elements="17" coveredelements="5" complexity="0" loc="10" ncloc="10" packages="2" files="2" classes="2"/>
    <package name="src">
      <metrics statements="7" coveredstatements="0" conditionals="0" coveredconditionals="0" methods="5" coveredmethods="0"/>
      <file name="index.js" path="/home/onlinejudge95/Workspace/onlinejudge95/rinnegan/services/client/src/index.js">
        <metrics statements="7" coveredstatements="0" conditionals="0" coveredconditionals="0" methods="5" coveredmethods="0"/>
        <line num="7" count="0" type="stmt"/>
        <line num="10" count="0" type="stmt"/>
        <line num="14" count="0" type="stmt"/>
        <line num="19" count="0" type="stmt"/>
        <line num="22" count="0" type="stmt"/>
        <line num="27" count="0" type="stmt"/>
        <line num="45" count="0" type="stmt"/>
      </file>
    </package>
    <package name="src.components">
      <metrics statements="3" coveredstatements="3" conditionals="0" coveredconditionals="0" methods="2" coveredmethods="2"/>
      <file name="UserList.jsx" path="/home/onlinejudge95/Workspace/onlinejudge95/rinnegan/services/client/src/components/UserList.jsx">
        <metrics statements="3" coveredstatements="3" conditionals="0" coveredconditionals="0" methods="2" coveredmethods="2"/>
        <line num="3" count="1" type="stmt"/>
        <line num="4" count="2" type="stmt"/>
        <line num="7" count="4" type="stmt"/>
      </file>
    </package>
  </project>
</coverage>
