TN:
SF:/home/onlinejudge95/Workspace/onlinejudge95/rinnegan/services/client/src/index.js
FN:9,(anonymous_0)
FN:13,(anonymous_1)
FN:18,(anonymous_2)
FN:21,(anonymous_3)
FN:26,(anonymous_4)
FNF:5
FNH:0
FNDA:0,(anonymous_0)
FNDA:0,(anonymous_1)
FNDA:0,(anonymous_2)
FNDA:0,(anonymous_3)
FNDA:0,(anonymous_4)
DA:7,0
DA:10,0
DA:14,0
DA:19,0
DA:22,0
DA:27,0
DA:45,0
LF:7
LH:0
BRF:0
BRH:0
end_of_record
TN:
SF:/home/onlinejudge95/Workspace/onlinejudge95/rinnegan/services/client/src/components/UserList.jsx
FN:3,(anonymous_0)
FN:6,(anonymous_1)
FNF:2
FNH:2
FNDA:2,(anonymous_0)
FNDA:4,(anonymous_1)
DA:3,1
DA:4,2
DA:7,4
LF:3
LH:3
BRF:0
BRH:0
end_of_record
